2023-12-19 00:12:52 INFO  DesktopsPage :57 - hover On desktop link [[ChromeDriver: chrome on windows (1302d70b580e6e16ff6e769b537b2911)] -> link text: Desktops]
2023-12-19 00:12:02 INFO  DesktopsPage :63 - click On show All Desktops [[ChromeDriver: chrome on windows (1302d70b580e6e16ff6e769b537b2911)] -> link text: Show AllDesktops]
2023-12-19 00:12:873 INFO  DesktopsPage :57 - hover On desktop link [[ChromeDriver: chrome on windows (aa351a20f1fbf6477876ae9be6731f93)] -> link text: Desktops]
2023-12-19 00:12:134 INFO  DesktopsPage :77 - mouse hover on currency [[ChromeDriver: chrome on windows (aa351a20f1fbf6477876ae9be6731f93)] -> xpath: //span[normalize-space()='Currency']]
2023-12-19 00:12:806 INFO  DesktopsPage :57 - hover On desktop link [[ChromeDriver: chrome on windows (bad96bcd6db9c59a6cd30de68c9ab26e)] -> link text: Desktops]
2023-12-19 00:12:64 INFO  DesktopsPage :77 - mouse hover on currency [[ChromeDriver: chrome on windows (bad96bcd6db9c59a6cd30de68c9ab26e)] -> xpath: //span[normalize-space()='Currency']]
2023-12-19 00:12:618 INFO  DesktopsPage :57 - hover On desktop link [[ChromeDriver: chrome on windows (46e47ad7c1e7fad67f68375e161d948d)] -> link text: Desktops]
2023-12-19 00:12:875 INFO  DesktopsPage :77 - mouse hover on currency [[ChromeDriver: chrome on windows (46e47ad7c1e7fad67f68375e161d948d)] -> xpath: //span[normalize-space()='Currency']]
2023-12-19 00:12:926 INFO  DesktopsPage :57 - hover On desktop link [[ChromeDriver: chrome on windows (f894c487a4c99815ef373fb12fe47938)] -> link text: Desktops]
2023-12-19 00:12:154 INFO  DesktopsPage :77 - mouse hover on currency [[ChromeDriver: chrome on windows (f894c487a4c99815ef373fb12fe47938)] -> xpath: //span[normalize-space()='Currency']]
2023-12-19 00:12:184 INFO  DesktopsPage :57 - hover On desktop link [[ChromeDriver: chrome on windows (27f9e987d19476077db5de7c49879e48)] -> link text: Desktops]
2023-12-19 00:12:432 INFO  DesktopsPage :77 - mouse hover on currency [[ChromeDriver: chrome on windows (27f9e987d19476077db5de7c49879e48)] -> xpath: //span[normalize-space()='Currency']]
2023-12-19 00:12:31 INFO  DesktopsPage :57 - hover On desktop link [[ChromeDriver: chrome on windows (fe81da4e2c8ad5b431c0cdec88a4aecc)] -> link text: Desktops]
2023-12-19 00:12:215 INFO  DesktopsPage :77 - mouse hover on currency [[ChromeDriver: chrome on windows (fe81da4e2c8ad5b431c0cdec88a4aecc)] -> xpath: //span[normalize-space()='Currency']]
2023-12-19 00:12:24 INFO  MyAccountPage :101 - myAccount:[[ChromeDriver: chrome on windows (5b1916994cb597c0ed5d267b17e2d040)] -> xpath: //span[contains(text(),'My Account')]]
2023-12-19 00:12:434 INFO  MyAccountPage :106 - registerAccountProxy element for: DefaultElementLocator 'By.xpath: //h1[contains(text(),'Register Account')]'
2023-12-19 00:12:672 INFO  MyAccountPage :101 - myAccount:[[ChromeDriver: chrome on windows (601cac89648f4a992db97583ad24cc27)] -> xpath: //span[contains(text(),'My Account')]]
2023-12-19 00:12:60 INFO  MyAccountPage :106 - registerAccountProxy element for: DefaultElementLocator 'By.xpath: //h1[contains(text(),'Register Account')]'
2023-12-19 00:12:444 INFO  TopMenuPage :54 - mouseHoverOnDesktopLinkAndClick : [[ChromeDriver: chrome on windows (5b2f30afa9a983b4dc0e95321f52c766)] -> link text: Desktops]
2023-12-19 00:12:445 INFO  DesktopsPage :63 - click On show All Desktops [[ChromeDriver: chrome on windows (5b2f30afa9a983b4dc0e95321f52c766)] -> link text: Show AllDesktops]
2023-12-19 00:12:506 INFO  TopMenuPage :59 - getDesktopsText: [[ChromeDriver: chrome on windows (5b2f30afa9a983b4dc0e95321f52c766)] -> xpath: //h2[contains(text(),'Desktops')]]
2023-12-19 00:12:169 INFO  TopMenuPage :64 - mouseHoverOnLaptopAndNotebooksLinkAndClick: [[ChromeDriver: chrome on windows (814c6b001b0003ae33e63b44d3ddc6c3)] -> link text: Laptops & Notebooks]
2023-12-19 00:12:491 INFO  LaptopsAndNotebooksPage :135 - clickOnShowAllLaptopsAndNotebooks[[ChromeDriver: chrome on windows (814c6b001b0003ae33e63b44d3ddc6c3)] -> link text: Show AllLaptops & Notebooks]
2023-12-19 00:12:143 INFO  TopMenuPage :69 - getLaptopsAndNotebooksTex: [[ChromeDriver: chrome on windows (814c6b001b0003ae33e63b44d3ddc6c3)] -> xpath: //h2[contains(text(),'Laptops & Notebooks')]]
2023-12-19 00:12:508 INFO  TopMenuPage :74 - mouseHoverOnComponentsLinkAndClick: [[ChromeDriver: chrome on windows (0d9e7f7f5c4ce71eb8209596bc8ad801)] -> link text: Components]
2023-12-19 00:12:01 INFO  TopMenuPage :79 - getComponentsText: Proxy element for: DefaultElementLocator 'By.xpath: //h2[contains(text(),'Components')]'
2023-12-19 00:12:187 INFO  DesktopsPage :57 - hover On desktop link [[ChromeDriver: chrome on windows (7c460b7e3e6f8e89643ef28af8d014b9)] -> link text: Desktops]
2023-12-19 00:12:825 INFO  DesktopsPage :63 - click On show All Desktops [[ChromeDriver: chrome on windows (7c460b7e3e6f8e89643ef28af8d014b9)] -> link text: Show AllDesktops]
2023-12-19 00:12:860 INFO  DesktopsPage :57 - hover On desktop link [[ChromeDriver: chrome on windows (6239fd22bc2dbe91ed566af905f5c1fa)] -> link text: Desktops]
2023-12-19 00:12:130 INFO  DesktopsPage :77 - mouse hover on currency [[ChromeDriver: chrome on windows (6239fd22bc2dbe91ed566af905f5c1fa)] -> xpath: //span[normalize-space()='Currency']]
2023-12-19 00:12:410 INFO  DesktopsPage :57 - hover On desktop link [[ChromeDriver: chrome on windows (0ea178d663b52be4244db48dd587919f)] -> link text: Desktops]
2023-12-19 00:12:741 INFO  DesktopsPage :77 - mouse hover on currency [[ChromeDriver: chrome on windows (0ea178d663b52be4244db48dd587919f)] -> xpath: //span[normalize-space()='Currency']]
2023-12-19 00:12:962 INFO  DesktopsPage :57 - hover On desktop link [[ChromeDriver: chrome on windows (3ef1a8f8a8002ae3ab4dadf17758a589)] -> link text: Desktops]
2023-12-19 00:12:295 INFO  DesktopsPage :77 - mouse hover on currency [[ChromeDriver: chrome on windows (3ef1a8f8a8002ae3ab4dadf17758a589)] -> xpath: //span[normalize-space()='Currency']]
2023-12-19 00:12:158 INFO  DesktopsPage :57 - hover On desktop link [[ChromeDriver: chrome on windows (ec296e675b75706b4bb81db3d693e660)] -> link text: Desktops]
2023-12-19 00:12:440 INFO  DesktopsPage :77 - mouse hover on currency [[ChromeDriver: chrome on windows (ec296e675b75706b4bb81db3d693e660)] -> xpath: //span[normalize-space()='Currency']]
2023-12-19 00:12:879 INFO  DesktopsPage :57 - hover On desktop link [[ChromeDriver: chrome on windows (60d5966ce1afef40c9213bb69b8d6efa)] -> link text: Desktops]
2023-12-19 00:12:180 INFO  DesktopsPage :77 - mouse hover on currency [[ChromeDriver: chrome on windows (60d5966ce1afef40c9213bb69b8d6efa)] -> xpath: //span[normalize-space()='Currency']]
2023-12-19 00:12:303 INFO  DesktopsPage :57 - hover On desktop link [[ChromeDriver: chrome on windows (c2aae5f17e8e9ee6c450621fc6398b2e)] -> link text: Desktops]
2023-12-19 00:12:547 INFO  DesktopsPage :77 - mouse hover on currency [[ChromeDriver: chrome on windows (c2aae5f17e8e9ee6c450621fc6398b2e)] -> xpath: //span[normalize-space()='Currency']]
2023-12-19 00:12:763 INFO  MyAccountPage :101 - myAccount:[[ChromeDriver: chrome on windows (1fa847be0916361125323ff762f0cc70)] -> xpath: //span[contains(text(),'My Account')]]
2023-12-19 00:12:362 INFO  MyAccountPage :106 - registerAccountProxy element for: DefaultElementLocator 'By.xpath: //h1[contains(text(),'Register Account')]'
2023-12-19 00:12:796 INFO  MyAccountPage :101 - myAccount:[[ChromeDriver: chrome on windows (1ca1be224413bfb05fed378055b8c2d6)] -> xpath: //span[contains(text(),'My Account')]]
2023-12-19 00:12:355 INFO  MyAccountPage :106 - registerAccountProxy element for: DefaultElementLocator 'By.xpath: //h1[contains(text(),'Register Account')]'
2023-12-19 00:12:483 INFO  TopMenuPage :54 - mouseHoverOnDesktopLinkAndClick : [[ChromeDriver: chrome on windows (e49cfea0aabea9d85685d318cc6813e4)] -> link text: Desktops]
2023-12-19 00:12:149 INFO  DesktopsPage :63 - click On show All Desktops [[ChromeDriver: chrome on windows (e49cfea0aabea9d85685d318cc6813e4)] -> link text: Show AllDesktops]
2023-12-19 00:12:249 INFO  TopMenuPage :59 - getDesktopsText: [[ChromeDriver: chrome on windows (e49cfea0aabea9d85685d318cc6813e4)] -> xpath: //h2[contains(text(),'Desktops')]]
2023-12-19 00:12:766 INFO  TopMenuPage :64 - mouseHoverOnLaptopAndNotebooksLinkAndClick: [[ChromeDriver: chrome on windows (92c0b057d54ea3c0c9c2bac3d6a82a51)] -> link text: Laptops & Notebooks]
2023-12-19 00:12:327 INFO  LaptopsAndNotebooksPage :135 - clickOnShowAllLaptopsAndNotebooks[[ChromeDriver: chrome on windows (92c0b057d54ea3c0c9c2bac3d6a82a51)] -> link text: Show AllLaptops & Notebooks]
2023-12-19 00:12:802 INFO  TopMenuPage :69 - getLaptopsAndNotebooksTex: [[ChromeDriver: chrome on windows (92c0b057d54ea3c0c9c2bac3d6a82a51)] -> xpath: //h2[contains(text(),'Laptops & Notebooks')]]
2023-12-19 00:12:368 INFO  TopMenuPage :74 - mouseHoverOnComponentsLinkAndClick: [[ChromeDriver: chrome on windows (5d81cf1da9bdbfd4e71f2f0b1c10166c)] -> link text: Components]
2023-12-19 00:12:786 INFO  TopMenuPage :79 - getComponentsText: Proxy element for: DefaultElementLocator 'By.xpath: //h2[contains(text(),'Components')]'
2023-12-19 00:12:555 INFO  DesktopsPage :57 - hover On desktop link [[ChromeDriver: chrome on windows (1766d5a9544fe6072178d2fc50436e49)] -> link text: Desktops]
2023-12-19 00:12:587 INFO  DesktopsPage :63 - click On show All Desktops [[ChromeDriver: chrome on windows (1766d5a9544fe6072178d2fc50436e49)] -> link text: Show AllDesktops]
2023-12-19 00:12:773 INFO  DesktopsPage :57 - hover On desktop link [[ChromeDriver: chrome on windows (da76f9e651d7dabd1ad16f2f15aa0b33)] -> link text: Desktops]
2023-12-19 00:12:135 INFO  DesktopsPage :77 - mouse hover on currency [[ChromeDriver: chrome on windows (da76f9e651d7dabd1ad16f2f15aa0b33)] -> xpath: //span[normalize-space()='Currency']]
2023-12-19 00:12:891 INFO  DesktopsPage :57 - hover On desktop link [[ChromeDriver: chrome on windows (a447e7ea3cfde9a975837efb935629bb)] -> link text: Desktops]
2023-12-19 00:12:193 INFO  DesktopsPage :77 - mouse hover on currency [[ChromeDriver: chrome on windows (a447e7ea3cfde9a975837efb935629bb)] -> xpath: //span[normalize-space()='Currency']]
2023-12-19 00:12:430 INFO  DesktopsPage :57 - hover On desktop link [[ChromeDriver: chrome on windows (2640300083639a5c0ded454651cf8906)] -> link text: Desktops]
2023-12-19 00:12:661 INFO  DesktopsPage :77 - mouse hover on currency [[ChromeDriver: chrome on windows (2640300083639a5c0ded454651cf8906)] -> xpath: //span[normalize-space()='Currency']]
2023-12-19 00:12:419 INFO  DesktopsPage :57 - hover On desktop link [[ChromeDriver: chrome on windows (d6759b4273bfe2ceb8d4773738e163f3)] -> link text: Desktops]
2023-12-19 00:12:628 INFO  DesktopsPage :77 - mouse hover on currency [[ChromeDriver: chrome on windows (d6759b4273bfe2ceb8d4773738e163f3)] -> xpath: //span[normalize-space()='Currency']]
2023-12-19 00:12:40 INFO  DesktopsPage :57 - hover On desktop link [[ChromeDriver: chrome on windows (7a838bfc794a3bf8f2b7e7bde88684bf)] -> link text: Desktops]
2023-12-19 00:12:287 INFO  DesktopsPage :77 - mouse hover on currency [[ChromeDriver: chrome on windows (7a838bfc794a3bf8f2b7e7bde88684bf)] -> xpath: //span[normalize-space()='Currency']]
2023-12-19 00:12:713 INFO  DesktopsPage :57 - hover On desktop link [[ChromeDriver: chrome on windows (da17575cb576c81a4b1e143227aa7bad)] -> link text: Desktops]
2023-12-19 00:12:951 INFO  DesktopsPage :77 - mouse hover on currency [[ChromeDriver: chrome on windows (da17575cb576c81a4b1e143227aa7bad)] -> xpath: //span[normalize-space()='Currency']]
2023-12-19 00:12:170 INFO  MyAccountPage :101 - myAccount:[[ChromeDriver: chrome on windows (783071266101d9254a19c9a85a69760d)] -> xpath: //span[contains(text(),'My Account')]]
2023-12-19 00:12:618 INFO  MyAccountPage :106 - registerAccountProxy element for: DefaultElementLocator 'By.xpath: //h1[contains(text(),'Register Account')]'
2023-12-19 00:12:27 INFO  MyAccountPage :101 - myAccount:[[ChromeDriver: chrome on windows (636094cdf7efed8b213b4fb1c3105dc9)] -> xpath: //span[contains(text(),'My Account')]]
2023-12-19 00:12:524 INFO  MyAccountPage :106 - registerAccountProxy element for: DefaultElementLocator 'By.xpath: //h1[contains(text(),'Register Account')]'
2023-12-19 00:12:541 INFO  TopMenuPage :54 - mouseHoverOnDesktopLinkAndClick : [[ChromeDriver: chrome on windows (9de03d48a55ef83897849570be180df1)] -> link text: Desktops]
2023-12-19 00:12:627 INFO  DesktopsPage :63 - click On show All Desktops [[ChromeDriver: chrome on windows (9de03d48a55ef83897849570be180df1)] -> link text: Show AllDesktops]
2023-12-19 00:12:696 INFO  TopMenuPage :59 - getDesktopsText: [[ChromeDriver: chrome on windows (9de03d48a55ef83897849570be180df1)] -> xpath: //h2[contains(text(),'Desktops')]]
2023-12-19 00:12:544 INFO  TopMenuPage :64 - mouseHoverOnLaptopAndNotebooksLinkAndClick: [[ChromeDriver: chrome on windows (9695fed2d9fb781b3986c79ad6b14215)] -> link text: Laptops & Notebooks]
2023-12-19 00:12:831 INFO  LaptopsAndNotebooksPage :135 - clickOnShowAllLaptopsAndNotebooks[[ChromeDriver: chrome on windows (9695fed2d9fb781b3986c79ad6b14215)] -> link text: Show AllLaptops & Notebooks]
2023-12-19 00:12:484 INFO  TopMenuPage :69 - getLaptopsAndNotebooksTex: [[ChromeDriver: chrome on windows (9695fed2d9fb781b3986c79ad6b14215)] -> xpath: //h2[contains(text(),'Laptops & Notebooks')]]
2023-12-19 00:12:573 INFO  DesktopsPage :57 - hover On desktop link [[ChromeDriver: chrome on windows (920df983f6cf2434c5933a34f8f26c78)] -> link text: Desktops]
2023-12-19 00:12:180 INFO  DesktopsPage :63 - click On show All Desktops [[ChromeDriver: chrome on windows (920df983f6cf2434c5933a34f8f26c78)] -> link text: Show AllDesktops]
2023-12-19 00:12:416 INFO  DesktopsPage :57 - hover On desktop link [[ChromeDriver: chrome on windows (e1da49238451836746ee0de944308f07)] -> link text: Desktops]
2023-12-19 00:12:821 INFO  DesktopsPage :77 - mouse hover on currency [[ChromeDriver: chrome on windows (e1da49238451836746ee0de944308f07)] -> xpath: //span[normalize-space()='Currency']]
2023-12-19 00:12:90 INFO  DesktopsPage :57 - hover On desktop link [[ChromeDriver: chrome on windows (3e332458a162a57e3d1c29d53abfcd8d)] -> link text: Desktops]
2023-12-19 00:12:375 INFO  DesktopsPage :77 - mouse hover on currency [[ChromeDriver: chrome on windows (3e332458a162a57e3d1c29d53abfcd8d)] -> xpath: //span[normalize-space()='Currency']]
2023-12-19 00:12:909 INFO  DesktopsPage :57 - hover On desktop link [[ChromeDriver: chrome on windows (beac590733c1031a6f4d63da11702ab1)] -> link text: Desktops]
2023-12-19 00:12:156 INFO  DesktopsPage :77 - mouse hover on currency [[ChromeDriver: chrome on windows (beac590733c1031a6f4d63da11702ab1)] -> xpath: //span[normalize-space()='Currency']]
2023-12-19 00:12:472 INFO  DesktopsPage :57 - hover On desktop link [[ChromeDriver: chrome on windows (f4255960fab93231315c3267bafc5e01)] -> link text: Desktops]
2023-12-19 00:12:693 INFO  DesktopsPage :77 - mouse hover on currency [[ChromeDriver: chrome on windows (f4255960fab93231315c3267bafc5e01)] -> xpath: //span[normalize-space()='Currency']]
2023-12-19 00:12:552 INFO  DesktopsPage :57 - hover On desktop link [[ChromeDriver: chrome on windows (997dca7816a5b0ad6783f08efcf457c3)] -> link text: Desktops]
2023-12-19 00:12:819 INFO  DesktopsPage :77 - mouse hover on currency [[ChromeDriver: chrome on windows (997dca7816a5b0ad6783f08efcf457c3)] -> xpath: //span[normalize-space()='Currency']]
2023-12-19 00:12:52 INFO  DesktopsPage :57 - hover On desktop link [[ChromeDriver: chrome on windows (2103b5ce519c31149cc5254091591b4e)] -> link text: Desktops]
2023-12-19 00:12:293 INFO  DesktopsPage :77 - mouse hover on currency [[ChromeDriver: chrome on windows (2103b5ce519c31149cc5254091591b4e)] -> xpath: //span[normalize-space()='Currency']]
2023-12-19 00:12:582 INFO  MyAccountPage :101 - myAccount:[[ChromeDriver: chrome on windows (b4d8edf1ba9d2ca96aac0a87fe6dd783)] -> xpath: //span[contains(text(),'My Account')]]
2023-12-19 00:12:217 INFO  MyAccountPage :106 - registerAccountProxy element for: DefaultElementLocator 'By.xpath: //h1[contains(text(),'Register Account')]'
2023-12-19 00:12:458 INFO  MyAccountPage :101 - myAccount:[[ChromeDriver: chrome on windows (b83446e580a42a0a68f026354cd9f224)] -> xpath: //span[contains(text(),'My Account')]]
2023-12-19 00:12:600 INFO  MyAccountPage :106 - registerAccountProxy element for: DefaultElementLocator 'By.xpath: //h1[contains(text(),'Register Account')]'
2023-12-19 00:12:495 INFO  TopMenuPage :54 - mouseHoverOnDesktopLinkAndClick : [[ChromeDriver: chrome on windows (45ba2427cc66dc89dce6c7cbcf877367)] -> link text: Desktops]
2023-12-19 00:12:749 INFO  DesktopsPage :63 - click On show All Desktops [[ChromeDriver: chrome on windows (45ba2427cc66dc89dce6c7cbcf877367)] -> link text: Show AllDesktops]
2023-12-19 00:12:808 INFO  TopMenuPage :59 - getDesktopsText: [[ChromeDriver: chrome on windows (45ba2427cc66dc89dce6c7cbcf877367)] -> xpath: //h2[contains(text(),'Desktops')]]
2023-12-19 00:12:912 INFO  TopMenuPage :64 - mouseHoverOnLaptopAndNotebooksLinkAndClick: [[ChromeDriver: chrome on windows (5ccba2f99eaebd4921cefd7fdb0a87f3)] -> link text: Laptops & Notebooks]
2023-12-19 00:12:324 INFO  LaptopsAndNotebooksPage :135 - clickOnShowAllLaptopsAndNotebooks[[ChromeDriver: chrome on windows (5ccba2f99eaebd4921cefd7fdb0a87f3)] -> link text: Show AllLaptops & Notebooks]
2023-12-19 00:12:969 INFO  TopMenuPage :69 - getLaptopsAndNotebooksTex: [[ChromeDriver: chrome on windows (5ccba2f99eaebd4921cefd7fdb0a87f3)] -> xpath: //h2[contains(text(),'Laptops & Notebooks')]]
2023-12-19 00:12:407 INFO  TopMenuPage :74 - mouseHoverOnComponentsLinkAndClick: [[ChromeDriver: chrome on windows (0191b251d962c6c5c88acee35d2f5583)] -> link text: Components]
2023-12-19 00:12:879 INFO  TopMenuPage :79 - getComponentsText: Proxy element for: DefaultElementLocator 'By.xpath: //h2[contains(text(),'Components')]'
2023-12-19 12:12:31 INFO  DesktopsPage :57 - hover On desktop link [[ChromeDriver: chrome on windows (2b2b8029635609256537163b2177394a)] -> link text: Desktops]
2023-12-19 12:12:717 INFO  DesktopsPage :63 - click On show All Desktops [[ChromeDriver: chrome on windows (2b2b8029635609256537163b2177394a)] -> link text: Show AllDesktops]
2023-12-19 12:12:314 INFO  DesktopsPage :57 - hover On desktop link [[ChromeDriver: chrome on windows (c3af121aa904ddf3aea6a22a42c4f0e6)] -> link text: Desktops]
2023-12-19 12:12:535 INFO  DesktopsPage :77 - mouse hover on currency [[ChromeDriver: chrome on windows (c3af121aa904ddf3aea6a22a42c4f0e6)] -> xpath: //span[normalize-space()='Currency']]
2023-12-19 12:12:163 INFO  DesktopsPage :57 - hover On desktop link [[ChromeDriver: chrome on windows (d90d5413c49f10d8846e91da407c0c0e)] -> link text: Desktops]
2023-12-19 12:12:325 INFO  DesktopsPage :77 - mouse hover on currency [[ChromeDriver: chrome on windows (d90d5413c49f10d8846e91da407c0c0e)] -> xpath: //span[normalize-space()='Currency']]
2023-12-19 12:12:995 INFO  DesktopsPage :57 - hover On desktop link [[ChromeDriver: chrome on windows (44c113c7a05280a6590e64b05ef62306)] -> link text: Desktops]
2023-12-19 12:12:156 INFO  DesktopsPage :77 - mouse hover on currency [[ChromeDriver: chrome on windows (44c113c7a05280a6590e64b05ef62306)] -> xpath: //span[normalize-space()='Currency']]
2023-12-19 12:12:643 INFO  DesktopsPage :57 - hover On desktop link [[ChromeDriver: chrome on windows (b0760ff31e37e8412cbc87e993bd0c73)] -> link text: Desktops]
2023-12-19 12:12:817 INFO  DesktopsPage :77 - mouse hover on currency [[ChromeDriver: chrome on windows (b0760ff31e37e8412cbc87e993bd0c73)] -> xpath: //span[normalize-space()='Currency']]
2023-12-19 12:12:288 INFO  DesktopsPage :57 - hover On desktop link [[ChromeDriver: chrome on windows (115f8c5e2c6301d46bebba4bb652052c)] -> link text: Desktops]
2023-12-19 12:12:437 INFO  DesktopsPage :77 - mouse hover on currency [[ChromeDriver: chrome on windows (115f8c5e2c6301d46bebba4bb652052c)] -> xpath: //span[normalize-space()='Currency']]
2023-12-19 12:12:50 INFO  DesktopsPage :57 - hover On desktop link [[ChromeDriver: chrome on windows (9a540db3db0adc1ec5f39368b095a239)] -> link text: Desktops]
2023-12-19 12:12:209 INFO  DesktopsPage :77 - mouse hover on currency [[ChromeDriver: chrome on windows (9a540db3db0adc1ec5f39368b095a239)] -> xpath: //span[normalize-space()='Currency']]
2023-12-19 12:12:03 INFO  HomePage :37 - Hover on the laptops and notebooks and click [[ChromeDriver: chrome on windows (68b69ea8aeffb56e34df377bd3dd5d77)] -> xpath: //a[text()='Laptops & Notebooks']]
2023-12-19 12:12:610 INFO  HomePage :32 - Call select menu method and click [[ChromeDriver: chrome on windows (68b69ea8aeffb56e34df377bd3dd5d77)] -> xpath: //a[text()='Desktops']]
2023-12-19 12:12:667 INFO  LaptopsAndNotebooksPage :43 - Click on sort by dropdown [[ChromeDriver: chrome on windows (68b69ea8aeffb56e34df377bd3dd5d77)] -> id: input-sort]
2023-12-19 12:12:82 INFO  LaptopsAndNotebooksPage :48 - Select price high to low [[ChromeDriver: chrome on windows (68b69ea8aeffb56e34df377bd3dd5d77)] -> id: input-sort]
2023-12-19 12:12:253 INFO  LaptopsAndNotebooksPage :77 - Select product macbook [2000.0, 1202.0, 1202.0, 602.0, 122.0]
2023-12-19 12:12:661 INFO  HomePage :37 - Hover on the laptops and notebooks and click [[ChromeDriver: chrome on windows (b8cd892b1162a1b7591c17514f346ace)] -> xpath: //a[text()='Laptops & Notebooks']]
2023-12-19 12:12:195 INFO  HomePage :32 - Call select menu method and click [[ChromeDriver: chrome on windows (b8cd892b1162a1b7591c17514f346ace)] -> xpath: //a[text()='Desktops']]
2023-12-19 12:12:250 INFO  LaptopsAndNotebooksPage :43 - Click on sort by dropdown [[ChromeDriver: chrome on windows (b8cd892b1162a1b7591c17514f346ace)] -> id: input-sort]
2023-12-19 12:12:645 INFO  LaptopsAndNotebooksPage :48 - Select price high to low [[ChromeDriver: chrome on windows (b8cd892b1162a1b7591c17514f346ace)] -> id: input-sort]
2023-12-19 12:12:384 INFO  LaptopsAndNotebooksPage :53 - Select product macbook [[ChromeDriver: chrome on windows (b8cd892b1162a1b7591c17514f346ace)] -> xpath: //a[text()='MacBook']]
2023-12-19 12:12:401 INFO  MacBookPage :33 - Get text macbook [[ChromeDriver: chrome on windows (b8cd892b1162a1b7591c17514f346ace)] -> xpath: //h1[text()='MacBook']]
2023-12-19 12:12:454 INFO  MacBookPage :39 - Click on add to cart button [[ChromeDriver: chrome on windows (b8cd892b1162a1b7591c17514f346ace)] -> css selector: #button-cart]
2023-12-19 12:12:655 INFO  MacBookPage :43 - Get text success [[ChromeDriver: chrome on windows (b8cd892b1162a1b7591c17514f346ace)] -> css selector: .alert.alert-success.alert-dismissible]
2023-12-19 12:12:11 INFO  MacBookPage :49 - Click link shopping cart [[ChromeDriver: chrome on windows (b8cd892b1162a1b7591c17514f346ace)] -> css selector: .alert.alert-success.alert-dismissible a:nth-of-type(2)]
2023-12-19 12:12:27 INFO  ShoppingCartPage :105 - Get text shopping cart : [[ChromeDriver: chrome on windows (b8cd892b1162a1b7591c17514f346ace)] -> css selector: #content>h1]
2023-12-19 12:12:64 INFO  ShoppingCartPage :130 - Get text MacBook [[ChromeDriver: chrome on windows (b8cd892b1162a1b7591c17514f346ace)] -> css selector: body > div:nth-child(4) > div:nth-child(2) > div:nth-child(1) > form:nth-child(2) > div:nth-child(1) > table:nth-child(1) > tbody:nth-child(2) > tr:nth-child(1) > td:nth-child(2) > a:nth-child(1)]
2023-12-19 12:12:163 INFO  ShoppingCartPage :136 - Change Quantity [[ChromeDriver: chrome on windows (b8cd892b1162a1b7591c17514f346ace)] -> css selector: div.input-group.btn-block>input]
2023-12-19 12:12:28 INFO  ShoppingCartPage :141 - Click on update tab [[ChromeDriver: chrome on windows (b8cd892b1162a1b7591c17514f346ace)] -> css selector: .fa.fa-refresh]
2023-12-19 12:12:44 INFO  ShoppingCartPage :145 - get text message [[ChromeDriver: chrome on windows (b8cd892b1162a1b7591c17514f346ace)] -> css selector: .alert.alert-success.alert-dismissible]
2023-12-19 12:12:66 INFO  ShoppingCartPage :150 - Get text total [[ChromeDriver: chrome on windows (b8cd892b1162a1b7591c17514f346ace)] -> css selector: #content > div.row > div > table > tbody > tr:nth-child(4) > td:nth-child(2)]
2023-12-19 12:12:378 INFO  ShoppingCartPage :156 - Click on check out button [[ChromeDriver: chrome on windows (b8cd892b1162a1b7591c17514f346ace)] -> css selector: a.btn.btn-primary]
2023-12-19 12:12:396 INFO  ShoppingCartPage :160 - Get text Check out [[ChromeDriver: chrome on windows (b8cd892b1162a1b7591c17514f346ace)] -> xpath: //h1[text()='Checkout']]
2023-12-19 12:12:430 INFO  ShoppingCartPage :165 - Get text new customer [[ChromeDriver: chrome on windows (b8cd892b1162a1b7591c17514f346ace)] -> xpath: //h2[text()='New Customer']]
2023-12-19 12:12:481 INFO  ShoppingCartPage :171 - Click on guest check out radio [[ChromeDriver: chrome on windows (b8cd892b1162a1b7591c17514f346ace)] -> css selector: input[value='guest']]
2023-12-19 12:12:526 INFO  ShoppingCartPage :176 - Click on continue button [[ChromeDriver: chrome on windows (b8cd892b1162a1b7591c17514f346ace)] -> css selector: #button-account]
2023-12-19 12:12:716 INFO  ShoppingCartPage :188 - Mandatory fields 
2023-12-19 12:12:761 INFO  ShoppingCartPage :193 - Click on continue button [[ChromeDriver: chrome on windows (b8cd892b1162a1b7591c17514f346ace)] -> css selector: #button-guest]
2023-12-19 12:12:333 INFO  ShoppingCartPage :198 - Add comments about order [[ChromeDriver: chrome on windows (b8cd892b1162a1b7591c17514f346ace)] -> css selector: textarea[name='comment']]
2023-12-19 12:12:374 INFO  ShoppingCartPage :203 - Click on terms and condition checkbox [[ChromeDriver: chrome on windows (b8cd892b1162a1b7591c17514f346ace)] -> css selector: input[type='checkbox']]
2023-12-19 12:12:427 INFO  ShoppingCartPage :208 - Click on continue button [[ChromeDriver: chrome on windows (b8cd892b1162a1b7591c17514f346ace)] -> css selector: #button-payment-method]
2023-12-19 12:12:659 INFO  ShoppingCartPage :212 - Get text warning message [[ChromeDriver: chrome on windows (b8cd892b1162a1b7591c17514f346ace)] -> css selector: .alert.alert-danger.alert-dismissible]
2023-12-19 12:12:117 INFO  MyAccountsPage :82 - Click on my account link [[ChromeDriver: chrome on windows (4cc9a312553f4342e3c79162b0fa611c)] -> xpath: //span[text()='My Account']]
2023-12-19 12:12:645 INFO  MyAccountsPage :92 - Select my account option 
2023-12-19 12:12:663 INFO  MyAccountsPage :101 - Get text from element [[ChromeDriver: chrome on windows (4cc9a312553f4342e3c79162b0fa611c)] -> css selector: #content h1]
2023-12-19 12:12:913 INFO  MyAccountsPage :82 - Click on my account link [[ChromeDriver: chrome on windows (6029fb874e2d53dc132db1f56e0166a6)] -> xpath: //span[text()='My Account']]
2023-12-19 12:12:305 INFO  MyAccountsPage :107 - Select my account Login 
2023-12-19 12:12:326 INFO  MyAccountsPage :111 - Get text returning customer [[ChromeDriver: chrome on windows (6029fb874e2d53dc132db1f56e0166a6)] -> css selector: #content > div > div:nth-child(2) > div > h2]
2023-12-19 12:12:459 INFO  MyAccountsPage :82 - Click on my account link [[ChromeDriver: chrome on windows (0fdbf8f19f609cd69220e71e372ac7d0)] -> xpath: //span[text()='My Account']]
2023-12-19 12:12:03 INFO  MyAccountsPage :92 - Select my account option 
2023-12-19 12:12:747 INFO  MyAccountsPage :125 - All the information 
2023-12-19 12:12:787 INFO  MyAccountsPage :136 - Get text account created : Proxy element for: DefaultElementLocator 'By.xpath: //h1[text()='Your Account Has Been Created!']'
2023-12-19 12:12:348 INFO  MyAccountsPage :82 - Click on my account link [[ChromeDriver: chrome on windows (a4e4e9668ffbb9ebb696f773f3b64402)] -> xpath: //span[text()='My Account']]
2023-12-19 12:12:682 INFO  MyAccountsPage :107 - Select my account Login 
2023-12-19 12:12:197 INFO  MyAccountsPage :132 - Email password information 
2023-12-19 12:12:266 INFO  MyAccountsPage :156 - Get text my account Proxy element for: DefaultElementLocator 'By.xpath: //h2[text()='My Account']'
2023-12-19 12:12:112 INFO  HomePage :27 - Hover on desktop and click [[ChromeDriver: chrome on windows (eb3db35283e372ad4a8fbe7064cbd703)] -> xpath: //a[text()='Desktops']]
2023-12-19 12:12:665 INFO  HomePage :32 - Call select menu method and click [[ChromeDriver: chrome on windows (eb3db35283e372ad4a8fbe7064cbd703)] -> xpath: //a[text()='Desktops']]
2023-12-19 12:12:688 INFO  TopMenuPage :59 - getDesktopsText: [[ChromeDriver: chrome on windows (eb3db35283e372ad4a8fbe7064cbd703)] -> xpath: //h2[contains(text(),'Desktops')]]
2023-12-19 12:12:34 INFO  HomePage :37 - Hover on the laptops and notebooks and click [[ChromeDriver: chrome on windows (46446d6d670c3b0a96d91998db473218)] -> xpath: //a[text()='Laptops & Notebooks']]
2023-12-19 12:12:563 INFO  HomePage :32 - Call select menu method and click [[ChromeDriver: chrome on windows (46446d6d670c3b0a96d91998db473218)] -> xpath: //a[text()='Desktops']]
2023-12-19 12:12:586 INFO  LaptopsAndNotebooksPage :37 - Get text [[ChromeDriver: chrome on windows (46446d6d670c3b0a96d91998db473218)] -> css selector: #content h2]
2023-12-19 12:12:17 INFO  HomePage :42 - Hover on the components and click [[ChromeDriver: chrome on windows (cf60d2c6a7fb778d2158e025015aca97)] -> xpath: //a[text()='Components']]
2023-12-19 12:12:576 INFO  HomePage :32 - Call select menu method and click [[ChromeDriver: chrome on windows (cf60d2c6a7fb778d2158e025015aca97)] -> xpath: //a[text()='Desktops']]
2023-12-19 12:12:602 INFO  ComponentsPage :24 - Get text from components [[ChromeDriver: chrome on windows (cf60d2c6a7fb778d2158e025015aca97)] -> css selector: #content h2]
2023-12-19 15:12:229 INFO  DesktopsPage :57 - hover On desktop link [[ChromeDriver: chrome on windows (0348579fa350a6c0df517c04b3091ff4)] -> link text: Desktops]
2023-12-19 15:12:935 INFO  DesktopsPage :63 - click On show All Desktops [[ChromeDriver: chrome on windows (0348579fa350a6c0df517c04b3091ff4)] -> link text: Show AllDesktops]
2023-12-19 15:12:776 INFO  DesktopsPage :57 - hover On desktop link [[ChromeDriver: chrome on windows (ad5f7034703624ac24ddeef35f580363)] -> link text: Desktops]
2023-12-19 15:12:942 INFO  DesktopsPage :77 - mouse hover on currency [[ChromeDriver: chrome on windows (ad5f7034703624ac24ddeef35f580363)] -> xpath: //span[normalize-space()='Currency']]
2023-12-19 15:12:843 INFO  DesktopsPage :57 - hover On desktop link [[ChromeDriver: chrome on windows (c5e0a0c1e9a086d27cea8f9aaca65663)] -> link text: Desktops]
2023-12-19 15:12:07 INFO  DesktopsPage :77 - mouse hover on currency [[ChromeDriver: chrome on windows (c5e0a0c1e9a086d27cea8f9aaca65663)] -> xpath: //span[normalize-space()='Currency']]
2023-12-19 15:12:968 INFO  DesktopsPage :57 - hover On desktop link [[ChromeDriver: chrome on windows (ea6ad61b52bce80c3f21be136ea52f4e)] -> link text: Desktops]
2023-12-19 15:12:134 INFO  DesktopsPage :77 - mouse hover on currency [[ChromeDriver: chrome on windows (ea6ad61b52bce80c3f21be136ea52f4e)] -> xpath: //span[normalize-space()='Currency']]
2023-12-19 15:12:27 INFO  DesktopsPage :57 - hover On desktop link [[ChromeDriver: chrome on windows (5f8dbf4e50e3913fb5975fd392340a53)] -> link text: Desktops]
2023-12-19 15:12:190 INFO  DesktopsPage :77 - mouse hover on currency [[ChromeDriver: chrome on windows (5f8dbf4e50e3913fb5975fd392340a53)] -> xpath: //span[normalize-space()='Currency']]
2023-12-19 15:12:01 INFO  DesktopsPage :57 - hover On desktop link [[ChromeDriver: chrome on windows (cc2d4d65acc8b25b97bc0c79fad6f581)] -> link text: Desktops]
2023-12-19 15:12:150 INFO  DesktopsPage :77 - mouse hover on currency [[ChromeDriver: chrome on windows (cc2d4d65acc8b25b97bc0c79fad6f581)] -> xpath: //span[normalize-space()='Currency']]
2023-12-19 15:12:860 INFO  DesktopsPage :57 - hover On desktop link [[ChromeDriver: chrome on windows (6365784cfc0a5387d82ef8e7fb37f19a)] -> link text: Desktops]
2023-12-19 15:12:09 INFO  DesktopsPage :77 - mouse hover on currency [[ChromeDriver: chrome on windows (6365784cfc0a5387d82ef8e7fb37f19a)] -> xpath: //span[normalize-space()='Currency']]
2023-12-19 15:12:844 INFO  HomePage :37 - Hover on the laptops and notebooks and click [[ChromeDriver: chrome on windows (7a602111babd36f8fdf47b882c385e04)] -> xpath: //a[text()='Laptops & Notebooks']]
2023-12-19 15:12:401 INFO  HomePage :32 - Call select menu method and click [[ChromeDriver: chrome on windows (7a602111babd36f8fdf47b882c385e04)] -> xpath: //a[text()='Desktops']]
2023-12-19 15:12:461 INFO  LaptopsAndNotebooksPage :43 - Click on sort by dropdown [[ChromeDriver: chrome on windows (7a602111babd36f8fdf47b882c385e04)] -> id: input-sort]
2023-12-19 15:12:825 INFO  LaptopsAndNotebooksPage :48 - Select price high to low [[ChromeDriver: chrome on windows (7a602111babd36f8fdf47b882c385e04)] -> id: input-sort]
2023-12-19 15:12:996 INFO  LaptopsAndNotebooksPage :77 - Select product macbook [2000.0, 1202.0, 1202.0, 602.0, 122.0]
2023-12-19 15:12:337 INFO  HomePage :37 - Hover on the laptops and notebooks and click [[ChromeDriver: chrome on windows (8cfdc37dc5aa8bff4e292c5f90589db0)] -> xpath: //a[text()='Laptops & Notebooks']]
2023-12-19 15:12:874 INFO  HomePage :32 - Call select menu method and click [[ChromeDriver: chrome on windows (8cfdc37dc5aa8bff4e292c5f90589db0)] -> xpath: //a[text()='Desktops']]
2023-12-19 15:12:933 INFO  LaptopsAndNotebooksPage :43 - Click on sort by dropdown [[ChromeDriver: chrome on windows (8cfdc37dc5aa8bff4e292c5f90589db0)] -> id: input-sort]
2023-12-19 15:12:304 INFO  LaptopsAndNotebooksPage :48 - Select price high to low [[ChromeDriver: chrome on windows (8cfdc37dc5aa8bff4e292c5f90589db0)] -> id: input-sort]
2023-12-19 15:12:87 INFO  LaptopsAndNotebooksPage :53 - Select product macbook [[ChromeDriver: chrome on windows (8cfdc37dc5aa8bff4e292c5f90589db0)] -> xpath: //a[text()='MacBook']]
2023-12-19 15:12:105 INFO  MacBookPage :33 - Get text macbook [[ChromeDriver: chrome on windows (8cfdc37dc5aa8bff4e292c5f90589db0)] -> xpath: //h1[text()='MacBook']]
2023-12-19 15:12:156 INFO  MacBookPage :39 - Click on add to cart button [[ChromeDriver: chrome on windows (8cfdc37dc5aa8bff4e292c5f90589db0)] -> css selector: #button-cart]
2023-12-19 15:12:357 INFO  MacBookPage :43 - Get text success [[ChromeDriver: chrome on windows (8cfdc37dc5aa8bff4e292c5f90589db0)] -> css selector: .alert.alert-success.alert-dismissible]
2023-12-19 15:12:712 INFO  MacBookPage :49 - Click link shopping cart [[ChromeDriver: chrome on windows (8cfdc37dc5aa8bff4e292c5f90589db0)] -> css selector: .alert.alert-success.alert-dismissible a:nth-of-type(2)]
2023-12-19 15:12:731 INFO  ShoppingCartPage :105 - Get text shopping cart : [[ChromeDriver: chrome on windows (8cfdc37dc5aa8bff4e292c5f90589db0)] -> css selector: #content>h1]
2023-12-19 15:12:771 INFO  ShoppingCartPage :130 - Get text MacBook [[ChromeDriver: chrome on windows (8cfdc37dc5aa8bff4e292c5f90589db0)] -> css selector: body > div:nth-child(4) > div:nth-child(2) > div:nth-child(1) > form:nth-child(2) > div:nth-child(1) > table:nth-child(1) > tbody:nth-child(2) > tr:nth-child(1) > td:nth-child(2) > a:nth-child(1)]
2023-12-19 15:12:848 INFO  ShoppingCartPage :136 - Change Quantity [[ChromeDriver: chrome on windows (8cfdc37dc5aa8bff4e292c5f90589db0)] -> css selector: div.input-group.btn-block>input]
2023-12-19 15:12:708 INFO  ShoppingCartPage :141 - Click on update tab [[ChromeDriver: chrome on windows (8cfdc37dc5aa8bff4e292c5f90589db0)] -> css selector: .fa.fa-refresh]
2023-12-19 15:12:723 INFO  ShoppingCartPage :145 - get text message [[ChromeDriver: chrome on windows (8cfdc37dc5aa8bff4e292c5f90589db0)] -> css selector: .alert.alert-success.alert-dismissible]
2023-12-19 15:12:745 INFO  ShoppingCartPage :150 - Get text total [[ChromeDriver: chrome on windows (8cfdc37dc5aa8bff4e292c5f90589db0)] -> css selector: #content > div.row > div > table > tbody > tr:nth-child(4) > td:nth-child(2)]
2023-12-19 15:12:60 INFO  ShoppingCartPage :156 - Click on check out button [[ChromeDriver: chrome on windows (8cfdc37dc5aa8bff4e292c5f90589db0)] -> css selector: a.btn.btn-primary]
2023-12-19 15:12:80 INFO  ShoppingCartPage :160 - Get text Check out [[ChromeDriver: chrome on windows (8cfdc37dc5aa8bff4e292c5f90589db0)] -> xpath: //h1[text()='Checkout']]
2023-12-19 15:12:118 INFO  ShoppingCartPage :165 - Get text new customer [[ChromeDriver: chrome on windows (8cfdc37dc5aa8bff4e292c5f90589db0)] -> xpath: //h2[text()='New Customer']]
2023-12-19 15:12:176 INFO  ShoppingCartPage :171 - Click on guest check out radio [[ChromeDriver: chrome on windows (8cfdc37dc5aa8bff4e292c5f90589db0)] -> css selector: input[value='guest']]
2023-12-19 15:12:219 INFO  ShoppingCartPage :176 - Click on continue button [[ChromeDriver: chrome on windows (8cfdc37dc5aa8bff4e292c5f90589db0)] -> css selector: #button-account]
2023-12-19 15:12:392 INFO  ShoppingCartPage :188 - Mandatory fields 
2023-12-19 15:12:434 INFO  ShoppingCartPage :193 - Click on continue button [[ChromeDriver: chrome on windows (8cfdc37dc5aa8bff4e292c5f90589db0)] -> css selector: #button-guest]
2023-12-19 15:12:941 INFO  ShoppingCartPage :198 - Add comments about order [[ChromeDriver: chrome on windows (8cfdc37dc5aa8bff4e292c5f90589db0)] -> css selector: textarea[name='comment']]
2023-12-19 15:12:74 INFO  ShoppingCartPage :203 - Click on terms and condition checkbox [[ChromeDriver: chrome on windows (8cfdc37dc5aa8bff4e292c5f90589db0)] -> css selector: input[type='checkbox']]
2023-12-19 15:12:136 INFO  ShoppingCartPage :208 - Click on continue button [[ChromeDriver: chrome on windows (8cfdc37dc5aa8bff4e292c5f90589db0)] -> css selector: #button-payment-method]
2023-12-19 15:12:351 INFO  ShoppingCartPage :212 - Get text warning message [[ChromeDriver: chrome on windows (8cfdc37dc5aa8bff4e292c5f90589db0)] -> css selector: .alert.alert-danger.alert-dismissible]
2023-12-19 15:12:124 INFO  MyAccountsPage :82 - Click on my account link [[ChromeDriver: chrome on windows (56cd9947f922b49f06b7bec3a854370f)] -> xpath: //span[text()='My Account']]
2023-12-19 15:12:658 INFO  MyAccountsPage :92 - Select my account option 
2023-12-19 15:12:684 INFO  MyAccountsPage :101 - Get text from element [[ChromeDriver: chrome on windows (56cd9947f922b49f06b7bec3a854370f)] -> css selector: #content h1]
2023-12-19 15:12:74 INFO  MyAccountsPage :82 - Click on my account link [[ChromeDriver: chrome on windows (1530697a243d1098462351746de62bd1)] -> xpath: //span[text()='My Account']]
2023-12-19 15:12:415 INFO  MyAccountsPage :107 - Select my account Login 
2023-12-19 15:12:438 INFO  MyAccountsPage :111 - Get text returning customer [[ChromeDriver: chrome on windows (1530697a243d1098462351746de62bd1)] -> css selector: #content > div > div:nth-child(2) > div > h2]
2023-12-19 15:12:693 INFO  MyAccountsPage :82 - Click on my account link [[ChromeDriver: chrome on windows (837359091b985f22bc99482f80a52f53)] -> xpath: //span[text()='My Account']]
2023-12-19 15:12:221 INFO  MyAccountsPage :92 - Select my account option 
2023-12-19 15:12:13 INFO  MyAccountsPage :125 - All the information 
2023-12-19 15:12:89 INFO  MyAccountsPage :136 - Get text account created : Proxy element for: DefaultElementLocator 'By.xpath: //h1[text()='Your Account Has Been Created!']'
2023-12-19 15:12:683 INFO  MyAccountsPage :82 - Click on my account link [[ChromeDriver: chrome on windows (68380e263a011e516dd430666cec71c7)] -> xpath: //span[text()='My Account']]
2023-12-19 15:12:72 INFO  MyAccountsPage :107 - Select my account Login 
2023-12-19 15:12:670 INFO  MyAccountsPage :132 - Email password information 
2023-12-19 15:12:754 INFO  MyAccountsPage :156 - Get text my account Proxy element for: DefaultElementLocator 'By.xpath: //h2[text()='My Account']'
2023-12-19 15:12:261 INFO  HomePage :27 - Hover on desktop and click [[ChromeDriver: chrome on windows (17534241da44d48c3e73fdac2b348869)] -> xpath: //a[text()='Desktops']]
2023-12-19 15:12:836 INFO  HomePage :32 - Call select menu method and click [[ChromeDriver: chrome on windows (17534241da44d48c3e73fdac2b348869)] -> xpath: //a[text()='Desktops']]
2023-12-19 15:12:864 INFO  TopMenuPage :59 - getDesktopsText: [[ChromeDriver: chrome on windows (17534241da44d48c3e73fdac2b348869)] -> xpath: //h2[contains(text(),'Desktops')]]
2023-12-19 15:12:191 INFO  HomePage :37 - Hover on the laptops and notebooks and click [[ChromeDriver: chrome on windows (24c19e91d461bf96438199fd9815f3cc)] -> xpath: //a[text()='Laptops & Notebooks']]
2023-12-19 15:12:725 INFO  HomePage :32 - Call select menu method and click [[ChromeDriver: chrome on windows (24c19e91d461bf96438199fd9815f3cc)] -> xpath: //a[text()='Desktops']]
2023-12-19 15:12:755 INFO  LaptopsAndNotebooksPage :37 - Get text [[ChromeDriver: chrome on windows (24c19e91d461bf96438199fd9815f3cc)] -> css selector: #content h2]
2023-12-19 15:12:123 INFO  HomePage :42 - Hover on the components and click [[ChromeDriver: chrome on windows (b7771f67cd7e35218c9231f92497d636)] -> xpath: //a[text()='Components']]
2023-12-19 15:12:655 INFO  HomePage :32 - Call select menu method and click [[ChromeDriver: chrome on windows (b7771f67cd7e35218c9231f92497d636)] -> xpath: //a[text()='Desktops']]
2023-12-19 15:12:682 INFO  ComponentsPage :24 - Get text from components [[ChromeDriver: chrome on windows (b7771f67cd7e35218c9231f92497d636)] -> css selector: #content h2]
